[2025-02-17 10:52:19,062 INFO: main: Checking logger for project]
[2025-02-17 18:56:19,779 INFO: common: yaml file: config/config.yaml loaded successfully]
[2025-02-17 18:56:19,782 INFO: common: yaml file: params.yaml loaded successfully]
[2025-02-17 18:57:03,431 INFO: common: yaml file: config/config.yaml loaded successfully]
[2025-02-17 18:57:03,432 INFO: common: yaml file: params.yaml loaded successfully]
[2025-02-17 18:57:16,148 INFO: common: yaml file: config/config.yaml loaded successfully]
[2025-02-17 18:57:16,153 INFO: common: yaml file: params.yaml loaded successfully]
[2025-02-17 18:57:16,190 INFO: common: yaml file: schema.yaml loaded successfully]
[2025-02-17 18:57:16,191 INFO: common: created directory at: artifacts]
[2025-02-17 18:57:16,191 INFO: common: created directory at: artifacts/data_ingestion]
[2025-02-17 18:57:16,790 INFO: 284695630: artifacts/data_ingestion/data.zip download! with following info: 
Connection: close
Content-Length: 23329
Cache-Control: max-age=300
Content-Security-Policy: default-src 'none'; style-src 'unsafe-inline'; sandbox
Content-Type: application/zip
ETag: "c69888a4ae59bc5a893392785a938ccd4937981c06ba8a9d6a21aa52b4ab5b6e"
Strict-Transport-Security: max-age=31536000
X-Content-Type-Options: nosniff
X-Frame-Options: deny
X-XSS-Protection: 1; mode=block
X-GitHub-Request-Id: 17AA:943AF:BFDDD4:D46873:67B3CCDC
Accept-Ranges: bytes
Date: Mon, 17 Feb 2025 23:57:16 GMT
Via: 1.1 varnish
X-Served-By: cache-pdk-kfty8610049-PDK
X-Cache: MISS
X-Cache-Hits: 0
X-Timer: S1739836637.577764,VS0,VE222
Vary: Authorization,Accept-Encoding,Origin
Access-Control-Allow-Origin: *
Cross-Origin-Resource-Policy: cross-origin
X-Fastly-Request-ID: d684727a1e6da3a1e62d08c811889e0b28834e7e
Expires: Tue, 18 Feb 2025 00:02:16 GMT
Source-Age: 0

]
[2025-02-17 19:42:03,596 INFO: main: >>>>>> stage Data Ingestion Stage started <<<<<<]
[2025-02-17 19:42:03,597 INFO: common: yaml file: config/config.yaml loaded successfully]
[2025-02-17 19:42:03,597 INFO: common: yaml file: params.yaml loaded successfully]
[2025-02-17 19:42:03,597 INFO: common: yaml file: schema.yaml loaded successfully]
[2025-02-17 19:42:03,598 INFO: common: created directory at: artifacts]
[2025-02-17 19:42:03,598 INFO: common: created directory at: artifacts/data_ingestion]
[2025-02-17 19:42:04,036 INFO: DataIngestion: artifacts/data_ingestion/data.zip download! with following info: 
Connection: close
Content-Length: 23329
Cache-Control: max-age=300
Content-Security-Policy: default-src 'none'; style-src 'unsafe-inline'; sandbox
Content-Type: application/zip
ETag: "c69888a4ae59bc5a893392785a938ccd4937981c06ba8a9d6a21aa52b4ab5b6e"
Strict-Transport-Security: max-age=31536000
X-Content-Type-Options: nosniff
X-Frame-Options: deny
X-XSS-Protection: 1; mode=block
X-GitHub-Request-Id: 17AA:943AF:BFDDD4:D46873:67B3CCDC
Accept-Ranges: bytes
Date: Tue, 18 Feb 2025 00:42:04 GMT
Via: 1.1 varnish
X-Served-By: cache-pdk-kfty8610099-PDK
X-Cache: HIT
X-Cache-Hits: 0
X-Timer: S1739839324.929314,VS0,VE94
Vary: Authorization,Accept-Encoding,Origin
Access-Control-Allow-Origin: *
Cross-Origin-Resource-Policy: cross-origin
X-Fastly-Request-ID: d92539a975ed82b7e9dd33c41ffa7a5868c0a7e6
Expires: Tue, 18 Feb 2025 00:47:04 GMT
Source-Age: 0

]
[2025-02-17 19:42:04,040 INFO: main: >>>>>> stage Data Ingestion Stage completed <<<<<<

x==========x]
[2025-02-17 23:29:34,795 INFO: common: yaml file: config/config.yaml loaded successfully]
[2025-02-17 23:29:34,806 INFO: common: yaml file: params.yaml loaded successfully]
[2025-02-17 23:29:34,810 INFO: common: yaml file: schema.yaml loaded successfully]
[2025-02-17 23:29:34,814 INFO: common: created directory at: artifacts]
[2025-02-17 23:29:34,815 INFO: common: created directory at: artifacts/data_validation]
[2025-02-17 23:37:20,983 INFO: main: >>>>>> stage Data Ingestion Stage started <<<<<<]
[2025-02-17 23:37:20,984 INFO: common: yaml file: config/config.yaml loaded successfully]
[2025-02-17 23:37:20,984 INFO: common: yaml file: params.yaml loaded successfully]
[2025-02-17 23:37:20,984 INFO: common: yaml file: schema.yaml loaded successfully]
[2025-02-17 23:37:20,985 INFO: common: created directory at: artifacts]
[2025-02-17 23:37:20,985 INFO: common: created directory at: artifacts/data_ingestion]
[2025-02-17 23:37:20,985 INFO: DataIngestion: File already exists]
[2025-02-17 23:37:20,986 INFO: main: >>>>>> stage Data Ingestion Stage completed <<<<<<

x==========x]
[2025-02-17 23:37:20,986 INFO: main: >>>>>> stage Data Validation Stage started <<<<<<]
[2025-02-17 23:37:20,986 INFO: common: yaml file: config/config.yaml loaded successfully]
[2025-02-17 23:37:20,986 INFO: common: yaml file: params.yaml loaded successfully]
[2025-02-17 23:37:20,987 INFO: common: yaml file: schema.yaml loaded successfully]
[2025-02-17 23:37:20,987 INFO: common: created directory at: artifacts]
[2025-02-17 23:37:20,987 INFO: common: created directory at: artifacts/data_validation]
[2025-02-17 23:37:20,990 INFO: main: >>>>>> stage Data Validation Stage completed <<<<<<

x==========x]
[2025-03-19 00:04:36,911 INFO: common: yaml file: config/config.yaml loaded successfully]
[2025-03-19 00:04:36,913 INFO: common: yaml file: params.yaml loaded successfully]
[2025-03-19 00:04:36,914 INFO: common: yaml file: schema.yaml loaded successfully]
[2025-03-19 00:04:36,915 INFO: common: created directory at: artifacts]
[2025-03-19 00:04:36,915 INFO: common: created directory at: artifacts/data_ingestion]
[2025-03-19 00:04:36,916 INFO: 284695630: File already exists]
[2025-03-19 18:45:43,040 INFO: common: yaml file: config/config.yaml loaded successfully]
[2025-03-19 18:45:43,041 INFO: common: yaml file: params.yaml loaded successfully]
[2025-03-19 18:45:43,042 INFO: common: yaml file: schema.yaml loaded successfully]
[2025-03-19 18:45:43,043 INFO: common: created directory at: artifacts]
[2025-03-19 18:45:43,043 INFO: common: created directory at: artifacts/data_validation]
[2025-03-19 18:56:37,571 INFO: main: >>>>>> stage Data Ingestion Stage started <<<<<<]
[2025-03-19 18:56:37,572 INFO: common: yaml file: config/config.yaml loaded successfully]
[2025-03-19 18:56:37,572 INFO: common: yaml file: params.yaml loaded successfully]
[2025-03-19 18:56:37,573 INFO: common: yaml file: schema.yaml loaded successfully]
[2025-03-19 18:56:37,573 INFO: common: created directory at: artifacts]
[2025-03-19 18:56:37,573 INFO: common: created directory at: artifacts/data_ingestion]
[2025-03-19 18:56:37,573 INFO: DataIngestion: File already exists]
[2025-03-19 18:56:37,574 INFO: main: >>>>>> stage Data Ingestion Stage completed <<<<<<

x==========x]
[2025-03-19 18:56:37,574 INFO: main: >>>>>> stage Data Validation Stage started <<<<<<]
[2025-03-19 18:56:37,574 INFO: common: yaml file: config/config.yaml loaded successfully]
[2025-03-19 18:56:37,575 INFO: common: yaml file: params.yaml loaded successfully]
[2025-03-19 18:56:37,575 INFO: common: yaml file: schema.yaml loaded successfully]
[2025-03-19 18:56:37,575 INFO: common: created directory at: artifacts]
[2025-03-19 18:56:37,575 INFO: common: created directory at: artifacts/data_validation]
[2025-03-19 18:56:37,580 INFO: main: >>>>>> stage Data Validation Stage completed <<<<<<

x==========x]
[2025-03-19 23:41:01,483 INFO: common: yaml file: config/config.yaml loaded successfully]
[2025-03-19 23:41:01,485 INFO: common: yaml file: params.yaml loaded successfully]
[2025-03-19 23:41:01,486 INFO: common: yaml file: schema.yaml loaded successfully]
[2025-03-19 23:41:01,487 INFO: common: created directory at: artifacts]
[2025-03-19 23:41:01,487 INFO: common: created directory at: artifacts/data_transformation]
[2025-03-19 23:41:16,688 INFO: common: yaml file: config/config.yaml loaded successfully]
[2025-03-19 23:41:16,688 INFO: common: yaml file: params.yaml loaded successfully]
[2025-03-19 23:41:16,689 INFO: common: yaml file: schema.yaml loaded successfully]
[2025-03-19 23:41:16,689 INFO: common: created directory at: artifacts]
[2025-03-19 23:41:16,690 INFO: common: created directory at: artifacts/data_transformation]
[2025-03-19 23:41:16,700 INFO: 2455139636: Did split the data into train and test]
[2025-03-19 23:56:20,504 INFO: main: >>>>>> stage Data Ingestion Stage started <<<<<<]
[2025-03-19 23:56:20,507 INFO: common: yaml file: config/config.yaml loaded successfully]
[2025-03-19 23:56:20,508 INFO: common: yaml file: params.yaml loaded successfully]
[2025-03-19 23:56:20,510 INFO: common: yaml file: schema.yaml loaded successfully]
[2025-03-19 23:56:20,511 INFO: common: created directory at: artifacts]
[2025-03-19 23:56:20,511 INFO: common: created directory at: artifacts/data_ingestion]
[2025-03-19 23:56:20,511 INFO: DataIngestion: File already exists]
[2025-03-19 23:56:20,513 INFO: main: >>>>>> stage Data Ingestion Stage completed <<<<<<

x==========x]
[2025-03-19 23:56:20,513 INFO: main: >>>>>> stage Data Validation Stage started <<<<<<]
[2025-03-19 23:56:20,514 INFO: common: yaml file: config/config.yaml loaded successfully]
[2025-03-19 23:56:20,514 INFO: common: yaml file: params.yaml loaded successfully]
[2025-03-19 23:56:20,515 INFO: common: yaml file: schema.yaml loaded successfully]
[2025-03-19 23:56:20,516 INFO: common: created directory at: artifacts]
[2025-03-19 23:56:20,516 INFO: common: created directory at: artifacts/data_validation]
[2025-03-19 23:56:20,519 INFO: main: >>>>>> stage Data Validation Stage completed <<<<<<

x==========x]
[2025-03-19 23:56:20,519 INFO: main: >>>>>> stage Data Transformation Stage started <<<<<<]
[2025-03-19 23:56:20,520 INFO: common: yaml file: config/config.yaml loaded successfully]
[2025-03-19 23:56:20,520 INFO: common: yaml file: params.yaml loaded successfully]
[2025-03-19 23:56:20,521 INFO: common: yaml file: schema.yaml loaded successfully]
[2025-03-19 23:56:20,522 INFO: common: created directory at: artifacts]
[2025-03-19 23:56:20,522 INFO: common: created directory at: artifacts/data_transformation]
[2025-03-19 23:56:20,568 INFO: DataTransformation: Did split the data into train and test]
[2025-03-19 23:56:20,568 INFO: main: >>>>>> stage Data Transformation Stage completed <<<<<<

x==========x]
[2025-04-05 13:02:16,897 INFO: common: yaml file: config/config.yaml loaded successfully]
[2025-04-05 13:02:16,900 INFO: common: yaml file: params.yaml loaded successfully]
[2025-04-05 13:02:16,901 INFO: common: yaml file: schema.yaml loaded successfully]
[2025-04-05 13:02:16,901 INFO: common: created directory at: artifacts]
[2025-04-05 13:03:20,290 INFO: common: yaml file: config/config.yaml loaded successfully]
[2025-04-05 13:03:20,291 INFO: common: yaml file: params.yaml loaded successfully]
[2025-04-05 13:03:20,293 INFO: common: yaml file: schema.yaml loaded successfully]
[2025-04-05 13:03:20,293 INFO: common: created directory at: artifacts]
[2025-04-05 13:20:23,166 INFO: common: yaml file: config/config.yaml loaded successfully]
[2025-04-05 13:20:23,177 INFO: common: yaml file: params.yaml loaded successfully]
[2025-04-05 13:20:23,179 INFO: common: yaml file: schema.yaml loaded successfully]
[2025-04-05 13:20:23,179 INFO: common: created directory at: artifacts]
[2025-04-05 13:20:23,180 INFO: common: created directory at: artifacts/model_trainer]
[2025-04-05 13:30:37,980 INFO: main: >>>>>> stage Data Ingestion Stage started <<<<<<]
[2025-04-05 13:30:37,983 INFO: common: yaml file: config/config.yaml loaded successfully]
[2025-04-05 13:30:37,984 INFO: common: yaml file: params.yaml loaded successfully]
[2025-04-05 13:30:37,985 INFO: common: yaml file: schema.yaml loaded successfully]
[2025-04-05 13:30:37,985 INFO: common: created directory at: artifacts]
[2025-04-05 13:30:37,985 INFO: common: created directory at: artifacts/data_ingestion]
[2025-04-05 13:30:37,985 INFO: DataIngestion: File already exists]
[2025-04-05 13:30:37,987 INFO: main: >>>>>> stage Data Ingestion Stage completed <<<<<<

x==========x]
[2025-04-05 13:30:37,987 INFO: main: >>>>>> stage Data Validation Stage started <<<<<<]
[2025-04-05 13:30:37,988 INFO: common: yaml file: config/config.yaml loaded successfully]
[2025-04-05 13:30:37,989 INFO: common: yaml file: params.yaml loaded successfully]
[2025-04-05 13:30:37,990 INFO: common: yaml file: schema.yaml loaded successfully]
[2025-04-05 13:30:37,990 INFO: common: created directory at: artifacts]
[2025-04-05 13:30:37,991 INFO: common: created directory at: artifacts/data_validation]
[2025-04-05 13:30:37,995 INFO: main: >>>>>> stage Data Validation Stage completed <<<<<<

x==========x]
[2025-04-05 13:30:37,995 INFO: main: >>>>>> stage Data Transformation Stage started <<<<<<]
[2025-04-05 13:30:37,996 INFO: common: yaml file: config/config.yaml loaded successfully]
[2025-04-05 13:30:37,996 INFO: common: yaml file: params.yaml loaded successfully]
[2025-04-05 13:30:37,997 INFO: common: yaml file: schema.yaml loaded successfully]
[2025-04-05 13:30:37,997 INFO: common: created directory at: artifacts]
[2025-04-05 13:30:37,997 INFO: common: created directory at: artifacts/data_transformation]
[2025-04-05 13:30:38,009 INFO: DataTransformation: Did split the data into train and test]
[2025-04-05 13:30:38,010 INFO: main: >>>>>> stage Data Transformation Stage completed <<<<<<

x==========x]
[2025-04-05 13:30:38,010 INFO: main: >>>>>> stage Model Trainer stage started <<<<<<]
[2025-04-05 13:30:38,010 INFO: common: yaml file: config/config.yaml loaded successfully]
[2025-04-05 13:30:38,011 INFO: common: yaml file: params.yaml loaded successfully]
[2025-04-05 13:30:38,011 INFO: common: yaml file: schema.yaml loaded successfully]
[2025-04-05 13:30:38,011 INFO: common: created directory at: artifacts]
[2025-04-05 13:30:38,012 INFO: common: created directory at: artifacts/model_trainer]
[2025-04-05 13:30:38,017 INFO: main: >>>>>> stage Model Trainer stage completed <<<<<<

x==========x]
